<?xml version="1.0" encoding="UTF-8"?>
<!-- Generated by org.testng.reporters.JUnitReportReporter -->
<testsuite hostname="DESKTOP-163E6LA" failures="0" tests="2" name="Test_Execution.Add_AssessmentMode" time="388.793" errors="0" timestamp="2023-10-18T15:36:50 IST" skipped="0">
  <testcase classname="Test_Execution.Add_AssessmentMode" name="AssessmentMode" time="6.697"/>
  <testcase classname="Test_Execution.Add_AssessmentMode" name="addAssessmentMode" time="382.096"/>
</testsuite> <!-- Test_Execution.Add_AssessmentMode -->
