<?xml version="1.0" encoding="UTF-8"?>
<!-- Generated by org.testng.reporters.JUnitReportReporter -->
<testsuite hostname="DESKTOP-163E6LA" failures="0" tests="2" name="Test_Execution.add_AssessmentTestCategory" time="8.505" errors="0" timestamp="2023-10-10T15:07:58 IST" skipped="0">
  <testcase classname="Test_Execution.add_AssessmentTestCategory" name="createCourse" time="1.551"/>
  <testcase classname="Test_Execution.add_AssessmentTestCategory" name="addCourse" time="6.954"/>
</testsuite> <!-- Test_Execution.add_AssessmentTestCategory -->
