<?xml version="1.0" encoding="UTF-8"?>
<!-- Generated by org.testng.reporters.JUnitReportReporter -->
<testsuite hostname="DESKTOP-163E6LA" failures="0" tests="2" name="Test_Execution.Add_AssessmentMode" time="49.298" errors="0" timestamp="2023-10-10T15:24:03 IST" skipped="0">
  <testcase classname="Test_Execution.Add_AssessmentMode" name="createCourse" time="2.295"/>
  <testcase classname="Test_Execution.Add_AssessmentMode" name="addCourse" time="47.003"/>
</testsuite> <!-- Test_Execution.Add_AssessmentMode -->
