<?xml version="1.0" encoding="UTF-8"?>
<!-- Generated by org.testng.reporters.JUnitReportReporter -->
<testsuite hostname="DESKTOP-163E6LA" failures="0" tests="2" name="Test_Execution.Add_AssessmentCategory" time="8.842" errors="0" timestamp="2023-10-18T14:22:53 IST" skipped="0">
  <testcase classname="Test_Execution.Add_AssessmentCategory" name="createAssessmentCategory" time="2.372"/>
  <testcase classname="Test_Execution.Add_AssessmentCategory" name="addAssessmentCategory" time="6.470"/>
</testsuite> <!-- Test_Execution.Add_AssessmentCategory -->
