<?xml version="1.0" encoding="UTF-8"?>
<!-- Generated by org.testng.reporters.JUnitReportReporter -->
<testsuite hostname="DESKTOP-163E6LA" failures="0" tests="2" name="Test_Execution.Add_AssessmentSubCategory" time="5.681" errors="0" timestamp="2023-10-10T14:55:20 IST" skipped="0">
  <testcase classname="Test_Execution.Add_AssessmentSubCategory" name="createCourse" time="1.655"/>
  <testcase classname="Test_Execution.Add_AssessmentSubCategory" name="addCourse" time="4.026"/>
</testsuite> <!-- Test_Execution.Add_AssessmentSubCategory -->
