<?xml version="1.0" encoding="UTF-8"?>
<!-- Generated by org.testng.reporters.JUnitReportReporter -->
<testsuite hostname="DESKTOP-163E6LA" failures="0" tests="2" name="Test_Execution.Add_QuizQuestions" time="6.417" errors="0" timestamp="2023-10-10T17:07:13 IST" skipped="0">
  <testcase classname="Test_Execution.Add_QuizQuestions" name="createAssessment" time="1.283"/>
  <testcase classname="Test_Execution.Add_QuizQuestions" name="addAssessment" time="5.134"/>
</testsuite> <!-- Test_Execution.Add_QuizQuestions -->
