<?xml version="1.0" encoding="UTF-8"?>
<!-- Generated by org.testng.reporters.JUnitReportReporter -->
<testsuite hostname="DESKTOP-163E6LA" failures="0" tests="2" name="Test_Execution.Add_SubjectCategory" time="21.781" errors="0" timestamp="2023-10-12T11:13:33 IST" skipped="0">
  <testcase classname="Test_Execution.Add_SubjectCategory" name="createCourse" time="3.078"/>
  <testcase classname="Test_Execution.Add_SubjectCategory" name="addCourse" time="18.703"/>
</testsuite> <!-- Test_Execution.Add_SubjectCategory -->
