<?xml version="1.0" encoding="UTF-8"?>
<!-- Generated by org.testng.reporters.JUnitReportReporter -->
<testsuite hostname="DESKTOP-163E6LA" failures="0" tests="2" name="Test_Execution.Add_AssessmentType" time="16.688" errors="0" timestamp="2023-10-10T14:28:38 IST" skipped="0">
  <testcase classname="Test_Execution.Add_AssessmentType" name="createCourse" time="1.722"/>
  <testcase classname="Test_Execution.Add_AssessmentType" name="addCourse" time="14.966"/>
</testsuite> <!-- Test_Execution.Add_AssessmentType -->
