<?xml version="1.0" encoding="UTF-8"?>
<!-- Generated by org.testng.reporters.JUnitReportReporter -->
<testsuite hostname="DESKTOP-163E6LA" failures="0" tests="2" name="Test_Execution.Add_Topic" time="50.292" errors="0" timestamp="2023-10-10T13:09:06 IST" skipped="0">
  <testcase classname="Test_Execution.Add_Topic" name="createChapter" time="1.404"/>
  <testcase classname="Test_Execution.Add_Topic" name="addTopic" time="48.888"/>
</testsuite> <!-- Test_Execution.Add_Topic -->
