<?xml version="1.0" encoding="UTF-8"?>
<!-- Generated by org.testng.reporters.JUnitReportReporter -->
<testsuite hostname="DESKTOP-163E6LA" failures="0" tests="2" name="Test_Execution.Add_Lesson" time="19.436" errors="0" timestamp="2023-10-10T13:09:06 IST" skipped="0">
  <testcase classname="Test_Execution.Add_Lesson" name="createChapter" time="1.427"/>
  <testcase classname="Test_Execution.Add_Lesson" name="addLesson" time="18.009"/>
</testsuite> <!-- Test_Execution.Add_Lesson -->
