<?xml version="1.0" encoding="UTF-8"?>
<!-- Generated by org.testng.reporters.JUnitReportReporter -->
<testsuite hostname="DESKTOP-163E6LA" failures="0" tests="2" name="Test_Execution.Add_Course" time="7.957" errors="0" timestamp="2023-10-10T13:09:06 IST" skipped="0">
  <testcase classname="Test_Execution.Add_Course" name="createCourse" time="1.331"/>
  <testcase classname="Test_Execution.Add_Course" name="addCourse" time="6.626"/>
</testsuite> <!-- Test_Execution.Add_Course -->
