<?xml version="1.0" encoding="UTF-8"?>
<!-- Generated by org.testng.reporters.JUnitReportReporter -->
<testsuite hostname="DESKTOP-163E6LA" failures="0" tests="2" name="Test_Execution.Add_Assessment" time="2278.548" errors="0" timestamp="2023-10-21T02:48:56 IST" skipped="0">
  <testcase classname="Test_Execution.Add_Assessment" name="createAssessment" time="2.060"/>
  <testcase classname="Test_Execution.Add_Assessment" name="addAssessment" time="2276.488"/>
</testsuite> <!-- Test_Execution.Add_Assessment -->
