<?xml version="1.0" encoding="UTF-8"?>
<!-- Generated by org.testng.reporters.JUnitReportReporter -->
<testsuite hostname="DESKTOP-163E6LA" failures="0" tests="2" name="Test_Execution.Add_AssessmentTestSubCategory" time="20.394" errors="0" timestamp="2023-10-10T15:16:20 IST" skipped="0">
  <testcase classname="Test_Execution.Add_AssessmentTestSubCategory" name="createCourse" time="2.311"/>
  <testcase classname="Test_Execution.Add_AssessmentTestSubCategory" name="addCourse" time="18.083"/>
</testsuite> <!-- Test_Execution.Add_AssessmentTestSubCategory -->
