<?xml version="1.0" encoding="UTF-8"?>
<!-- Generated by org.testng.reporters.JUnitReportReporter -->
<testsuite hostname="DESKTOP-163E6LA" failures="0" tests="2" name="Test_Execution.Add_AssessmentMode" time="273.216" errors="0" timestamp="2023-10-12T18:15:44 IST" skipped="0">
  <testcase classname="Test_Execution.Add_AssessmentMode" name="AssessmentMode" time="1.971"/>
  <testcase classname="Test_Execution.Add_AssessmentMode" name="addAssessmentMode" time="271.245"/>
</testsuite> <!-- Test_Execution.Add_AssessmentMode -->
