<?xml version="1.0" encoding="UTF-8"?>
<!-- Generated by org.testng.reporters.JUnitReportReporter -->
<testsuite hostname="DESKTOP-163E6LA" failures="0" tests="2" name="Test_Execution.Add_AssessmentCategory" time="8.083" errors="0" timestamp="2023-10-10T14:41:21 IST" skipped="0">
  <testcase classname="Test_Execution.Add_AssessmentCategory" name="createCourse" time="1.695"/>
  <testcase classname="Test_Execution.Add_AssessmentCategory" name="addCourse" time="6.388"/>
</testsuite> <!-- Test_Execution.Add_AssessmentCategory -->
