<?xml version="1.0" encoding="UTF-8"?>
<!-- Generated by org.testng.reporters.JUnitReportReporter -->
<testsuite hostname="DESKTOP-163E6LA" failures="0" tests="2" name="Test_Execution.Add_assessment" time="247.166" errors="0" timestamp="2023-10-04T16:18:31 IST" skipped="0">
  <testcase classname="Test_Execution.Add_assessment" name="createAssessment" time="2.203"/>
  <testcase classname="Test_Execution.Add_assessment" name="addAssessment" time="244.963"/>
</testsuite> <!-- Test_Execution.Add_assessment -->
