<?xml version="1.0" encoding="UTF-8"?>
<!-- Generated by org.testng.reporters.JUnitReportReporter -->
<testsuite hostname="DESKTOP-163E6LA" failures="0" tests="2" name="Test_Execution.Add_Subject" time="27.046" errors="0" timestamp="2023-10-12T11:17:05 IST" skipped="0">
  <testcase classname="Test_Execution.Add_Subject" name="createCourse" time="3.077"/>
  <testcase classname="Test_Execution.Add_Subject" name="addCourse" time="23.969"/>
</testsuite> <!-- Test_Execution.Add_Subject -->
