<?xml version="1.0" encoding="UTF-8"?>
<!-- Generated by org.testng.reporters.JUnitReportReporter -->
<testsuite hostname="DESKTOP-163E6LA" failures="0" tests="2" name="Test_Execution.Add_Quiz" time="9.097" errors="0" timestamp="2023-10-10T16:31:13 IST" skipped="0">
  <testcase classname="Test_Execution.Add_Quiz" name="createAssessment" time="0.700"/>
  <testcase classname="Test_Execution.Add_Quiz" name="addAssessment" time="8.397"/>
</testsuite> <!-- Test_Execution.Add_Quiz -->
