<?xml version="1.0" encoding="UTF-8"?>
<!-- Generated by org.testng.reporters.JUnitReportReporter -->
<testsuite hostname="DESKTOP-163E6LA" failures="0" tests="2" name="Test_Execution.Add_Chapter" time="8.056" errors="0" timestamp="2023-10-10T13:09:06 IST" skipped="0">
  <testcase classname="Test_Execution.Add_Chapter" name="createChapter" time="1.365"/>
  <testcase classname="Test_Execution.Add_Chapter" name="addChapter" time="6.691"/>
</testsuite> <!-- Test_Execution.Add_Chapter -->
