<?xml version="1.0" encoding="UTF-8"?>
<!-- Generated by org.testng.reporters.JUnitReportReporter -->
<testsuite hostname="DESKTOP-163E6LA" failures="0" tests="2" name="Test_Execution.Add_SubjectCategory" time="14.042" errors="0" timestamp="2023-10-10T13:09:06 IST" skipped="0">
  <testcase classname="Test_Execution.Add_SubjectCategory" name="createCourse" time="1.638"/>
  <testcase classname="Test_Execution.Add_SubjectCategory" name="addCourse" time="12.404"/>
</testsuite> <!-- Test_Execution.Add_SubjectCategory -->
