<?xml version="1.0" encoding="UTF-8"?>
<!-- Generated by org.testng.reporters.JUnitReportReporter -->
<testsuite hostname="DESKTOP-163E6LA" failures="0" tests="2" name="Test_Execution.Add_Topic" time="102.571" errors="0" timestamp="2023-10-12T13:02:56 IST" skipped="0">
  <testcase classname="Test_Execution.Add_Topic" name="createChapter" time="1.907"/>
  <testcase classname="Test_Execution.Add_Topic" name="addTopic" time="100.664"/>
</testsuite> <!-- Test_Execution.Add_Topic -->
