<?xml version="1.0" encoding="UTF-8"?>
<!-- Generated by org.testng.reporters.JUnitReportReporter -->
<testsuite hostname="DESKTOP-163E6LA" failures="0" tests="2" name="Test_Execution.Add_Subject" time="18.306" errors="0" timestamp="2023-10-10T13:09:06 IST" skipped="0">
  <testcase classname="Test_Execution.Add_Subject" name="createCourse" time="1.799"/>
  <testcase classname="Test_Execution.Add_Subject" name="addCourse" time="16.507"/>
</testsuite> <!-- Test_Execution.Add_Subject -->
