<?xml version="1.0" encoding="UTF-8"?>
<!-- Generated by org.testng.reporters.JUnitReportReporter -->
<testsuite hostname="DESKTOP-163E6LA" failures="0" tests="2" name="Test_Execution.Add_Course" time="16.170" errors="0" timestamp="2023-10-20T16:22:26 IST" skipped="0">
  <testcase classname="Test_Execution.Add_Course" name="createCourse" time="1.485"/>
  <testcase classname="Test_Execution.Add_Course" name="addCourse" time="14.685"/>
</testsuite> <!-- Test_Execution.Add_Course -->
