<?xml version="1.0" encoding="UTF-8"?>
<!-- Generated by org.testng.reporters.JUnitReportReporter -->
<testsuite hostname="DESKTOP-163E6LA" failures="0" tests="2" name="Test_Execution.Test1" time="10.924" errors="0" timestamp="2023-10-03T13:23:21 IST" skipped="0">
  <testcase classname="Test_Execution.Test1" name="createCourse" time="1.426"/>
  <testcase classname="Test_Execution.Test1" name="addCourse" time="9.498"/>
</testsuite> <!-- Test_Execution.Test1 -->
