<?xml version="1.0" encoding="UTF-8"?>
<!-- Generated by org.testng.reporters.JUnitReportReporter -->
<testsuite hostname="DESKTOP-163E6LA" failures="0" tests="2" name="Test_Execution.Add_Chapter" time="77.440" errors="0" timestamp="2023-10-20T16:25:09 IST" skipped="0">
  <testcase classname="Test_Execution.Add_Chapter" name="createChapter" time="2.003"/>
  <testcase classname="Test_Execution.Add_Chapter" name="addChapter" time="75.437"/>
</testsuite> <!-- Test_Execution.Add_Chapter -->
