<?xml version="1.0" encoding="UTF-8"?>
<!-- Generated by org.testng.reporters.JUnitReportReporter -->
<testsuite hostname="DESKTOP-163E6LA" failures="0" tests="2" name="Test_Execution.Add_Language" time="17.339" errors="0" timestamp="2023-10-12T11:28:47 IST" skipped="0">
  <testcase classname="Test_Execution.Add_Language" name="createCourse" time="3.442"/>
  <testcase classname="Test_Execution.Add_Language" name="addCourse" time="13.897"/>
</testsuite> <!-- Test_Execution.Add_Language -->
