<?xml version="1.0" encoding="UTF-8"?>
<!-- Generated by org.testng.reporters.JUnitReportReporter -->
<testsuite hostname="DESKTOP-163E6LA" failures="0" tests="2" name="Test_Execution.Add_Specialization" time="36.423" errors="0" timestamp="2023-10-12T11:27:55 IST" skipped="0">
  <testcase classname="Test_Execution.Add_Specialization" name="createCourse" time="3.047"/>
  <testcase classname="Test_Execution.Add_Specialization" name="addCourse" time="33.376"/>
</testsuite> <!-- Test_Execution.Add_Specialization -->
