<?xml version="1.0" encoding="UTF-8"?>
<!-- Generated by org.testng.reporters.JUnitReportReporter -->
<testsuite hostname="DESKTOP-163E6LA" failures="0" tests="2" name="Test_Execution.Add_Course" time="65.165" errors="0" timestamp="2023-10-12T11:33:17 IST" skipped="0">
  <testcase classname="Test_Execution.Add_Course" name="createCourse" time="2.705"/>
  <testcase classname="Test_Execution.Add_Course" name="addCourse" time="62.460"/>
</testsuite> <!-- Test_Execution.Add_Course -->
