<?xml version="1.0" encoding="UTF-8"?>
<!-- Generated by org.testng.reporters.JUnitReportReporter -->
<testsuite hostname="DESKTOP-163E6LA" failures="0" tests="1" name="Test_Execution.Learner" time="19.382" errors="0" timestamp="2023-10-08T20:35:32 IST" skipped="0">
  <testcase classname="Test_Execution.Learner" name="activate" time="19.382"/>
</testsuite> <!-- Test_Execution.Learner -->
