<?xml version="1.0" encoding="UTF-8"?>
<!-- Generated by org.testng.reporters.JUnitReportReporter -->
<testsuite hostname="DESKTOP-163E6LA" failures="0" tests="2" name="Test_Execution.Add_AssessmentTestCategory" time="100.308" errors="0" timestamp="2023-10-18T14:42:39 IST" skipped="0">
  <testcase classname="Test_Execution.Add_AssessmentTestCategory" name="createAssessmentTestCat" time="8.397"/>
  <testcase classname="Test_Execution.Add_AssessmentTestCategory" name="addAssessmentTestCat" time="91.911"/>
</testsuite> <!-- Test_Execution.Add_AssessmentTestCategory -->
